  main.cpp
d:\learn\visual studio 2017\boomz game\boomz game\main.cpp(27): warning C4244: 'argument': conversion from 'time_t' to 'unsigned int', possible loss of data
d:\learn\visual studio 2017\boomz game\boomz game\main.cpp(33): warning C4215: nonstandard extension used: long float
d:\learn\visual studio 2017\boomz game\boomz game\main.cpp(58): warning C4305: 'argument': truncation from 'int' to 'bool'
d:\learn\visual studio 2017\boomz game\boomz game\main.cpp(76): warning C4244: 'argument': conversion from 'int' to 'float', possible loss of data
d:\learn\visual studio 2017\boomz game\boomz game\main.cpp(123): warning C4244: 'argument': conversion from 'double' to 'float', possible loss of data
d:\learn\visual studio 2017\boomz game\boomz game\main.cpp(131): warning C4244: 'argument': conversion from 'double' to 'float', possible loss of data
d:\learn\visual studio 2017\boomz game\boomz game\main.cpp(137): warning C4244: 'argument': conversion from 'double' to 'float', possible loss of data
d:\learn\visual studio 2017\boomz game\boomz game\main.cpp(155): warning C4244: '=': conversion from 'double' to 'float', possible loss of data
d:\learn\visual studio 2017\boomz game\boomz game\main.cpp(171): warning C4244: 'argument': conversion from 'double' to 'float', possible loss of data
d:\learn\visual studio 2017\boomz game\boomz game\main.cpp(190): warning C4244: '=': conversion from 'double' to 'float', possible loss of data
d:\learn\visual studio 2017\boomz game\boomz game\main.cpp(221): warning C4305: 'argument': truncation from 'int' to 'bool'
d:\learn\visual studio 2017\boomz game\boomz game\main.cpp(246): warning C4244: 'argument': conversion from 'double' to 'float', possible loss of data
d:\learn\visual studio 2017\boomz game\boomz game\main.cpp(273): warning C4244: 'argument': conversion from 'float' to 'int', possible loss of data
  Generating code
  1 of 1171 functions (<0.1%) were compiled, the rest were copied from previous compilation.
    0 functions were new in current compilation
    0 functions had inline decision re-evaluated but remain unchanged
  Finished generating code
  BoomZ Game.vcxproj -> D:\Learn\Visual Studio 2017\BoomZ Game\Release\BoomZ Game.exe
